{
  "RSpec": {
    "coverage": {
      "/home/RSon84/tic-tac-toe-rb-online-web-sp-000/lib/tic_tac_toe.rb": [
        1,
        null,
        null,
        1,
        null,
        null,
        null,
        null,
        null,
        null,
        null,
        null,
        null,
        1,
        15,
        15,
        15,
        15,
        15,
        null,
        null,
        null,
        1,
        112,
        null,
        null,
        1,
        16,
        null,
        null,
        1,
        15,
        null,
        null,
        1,
        16,
        null,
        null,
        1,
        0,
        null,
        null,
        null,
        1,
        140,
        null,
        null,
        1,
        13,
        null,
        null,
        1,
        null,
        154,
        55,
        324,
        null,
        null,
        null,
        null,
        1,
        103,
        null,
        null,
        1,
        16,
        null,
        null,
        1,
        13,
        null,
        null,
        1,
        6,
        1,
        null,
        5,
        3,
        2,
        2,
        null,
        null,
        null,
        null,
        1,
        13,
        13,
        13,
        12,
        null,
        1,
        null,
        13,
        null,
        null,
        1,
        11,
        10,
        null,
        11,
        4,
        7,
        3,
        null,
        null,
        null,
        null,
        null,
        null,
        null,
        null,
        null,
        null
      ]
    },
    "timestamp": 1599327100
  }
}
